<?xml version="1.0" encoding="UTF-8"?>
<!-- Generated by org.testng.reporters.JUnitReportReporter -->
<testsuite hostname="Umair-Boota-3520" failures="0" tests="2" name="qa.com.testcases.loginTest" time="0.500" errors="0" timestamp="2024-06-23T18:15:32 PKT" skipped="0">
  <testcase classname="qa.com.testcases.loginTest" name="loginWithValidCredentials" time="0.232"/>
  <system-out/>
  <testcase classname="qa.com.testcases.loginTest" name="sortItemsLowToHighAndAddToCart" time="0.268"/>
  <system-out/>
</testsuite> <!-- qa.com.testcases.loginTest -->
