<?xml version="1.0" encoding="UTF-8"?>
<!-- Generated by org.testng.reporters.JUnitReportReporter -->
<testsuite hostname="Umair-Boota-3520" failures="0" tests="1" name="qa.com.testcases.testClass" time="0.012" errors="0" timestamp="2024-05-19T13:46:52 PKT" skipped="0">
  <testcase classname="qa.com.testcases.testClass" name="testExample" time="0.012"/>
  <system-out/>
</testsuite> <!-- qa.com.testcases.testClass -->
